2025-08-08 20:18:26,914 - MainThread - sqlmesh.core.config.connection - INFO - Creating new DuckDB adapter for data files: {'sushi-example.db'} (connection.py:481)
2025-08-08 20:18:27,443 - MainThread - sqlmesh.core.config.connection - INFO - Creating new DuckDB adapter for in-memory database (connection.py:483)
2025-08-08 20:18:27,443 - MainThread - sqlmesh.core.config.connection - INFO - Creating new DuckDB adapter for in-memory database (connection.py:483)
2025-08-08 20:18:27,524 - MainThread - sqlmesh.core.config.connection - INFO - Using existing DuckDB adapter due to overlapping data file: sushi-example.db (connection.py:471)
2025-08-08 20:18:29,194 - MainThread - sqlmesh.core.plan.evaluator - INFO - Evaluating plan stage CreateSnapshotRecordsStage (evaluator.py:125)
2025-08-08 20:18:29,211 - MainThread - sqlmesh.core.plan.evaluator - INFO - Evaluating plan stage PhysicalLayerUpdateStage (evaluator.py:125)
2025-08-08 20:18:29,214 - MainThread - sqlmesh.core.snapshot.evaluator - INFO - Listing data objects in schema "sushi-example".sqlmesh__sushimoderate (evaluator.py:361)
2025-08-08 20:18:29,214 - MainThread - sqlmesh.core.engine_adapter.base - INFO - Executing SQL: /* SQLMESH_PLAN: dbf888dc66f8425b9725d20d03b4fd4e */ SELECT CURRENT_CATALOG() (base.py:2260)
2025-08-08 20:18:29,215 - MainThread - sqlmesh.core.engine_adapter.base - INFO - Executing SQL: /* SQLMESH_PLAN: dbf888dc66f8425b9725d20d03b4fd4e */ SELECT CURRENT_CATALOG() (base.py:2260)
2025-08-08 20:18:29,216 - MainThread - sqlmesh.core.engine_adapter.base - INFO - Executing SQL: /* SQLMESH_PLAN: dbf888dc66f8425b9725d20d03b4fd4e */ SELECT table_name AS name, table_schema AS schema, CASE table_type WHEN 'BASE TABLE' THEN 'table' WHEN 'VIEW' THEN 'view' WHEN 'LOCAL TEMPORARY' THEN 'table' END AS type FROM system.information_schema.tables WHERE (table_catalog = 'sushi-example' AND table_schema = 'sqlmesh__sushimoderate') AND table_name IN ('sushimoderate__waiter_revenue_by_day__2502736145', 'sushimoderate__customer_lifetime_value__3451320949', 'sushimoderate__top_waiters__4200137544', 'sushimoderate__customer_segments__1796916946', 'sushimoderate__orders__2553744583', 'sushimoderate__items__4183556318', 'sushimoderate__customers__1460721243', 'sushimoderate__customer_revenue_lifetime__2371348360', 'sushimoderate__order_items__3229655664', 'sushimoderate__customer_revenue_by_day__2161423016', 'sushimoderate__waiter_names__1494776325') (base.py:2260)
2025-08-08 20:18:29,225 - MainThread - sqlmesh.core.snapshot.evaluator - INFO - Listing data objects in schema "sushi-example".sqlmesh__raw (evaluator.py:361)
2025-08-08 20:18:29,225 - MainThread - sqlmesh.core.engine_adapter.base - INFO - Executing SQL: /* SQLMESH_PLAN: dbf888dc66f8425b9725d20d03b4fd4e */ SELECT CURRENT_CATALOG() (base.py:2260)
2025-08-08 20:18:29,226 - MainThread - sqlmesh.core.engine_adapter.base - INFO - Executing SQL: /* SQLMESH_PLAN: dbf888dc66f8425b9725d20d03b4fd4e */ SELECT CURRENT_CATALOG() (base.py:2260)
2025-08-08 20:18:29,226 - MainThread - sqlmesh.core.engine_adapter.base - INFO - Executing SQL: /* SQLMESH_PLAN: dbf888dc66f8425b9725d20d03b4fd4e */ SELECT table_name AS name, table_schema AS schema, CASE table_type WHEN 'BASE TABLE' THEN 'table' WHEN 'VIEW' THEN 'view' WHEN 'LOCAL TEMPORARY' THEN 'table' END AS type FROM system.information_schema.tables WHERE (table_catalog = 'sushi-example' AND table_schema = 'sqlmesh__raw') AND table_name IN ('raw__demographics__3399964752', 'raw__items__1587933360', 'raw__order_items__654969149', 'raw__marketing__2281409975', 'raw__orders__1960537533') (base.py:2260)
2025-08-08 20:18:29,231 - MainThread - sqlmesh.core.snapshot.evaluator - INFO - Creating schema '"sushi-example".sqlmesh__raw' (evaluator.py:1176)
2025-08-08 20:18:29,231 - MainThread - sqlmesh.core.engine_adapter.base - INFO - Executing SQL: /* SQLMESH_PLAN: dbf888dc66f8425b9725d20d03b4fd4e */ CREATE SCHEMA IF NOT EXISTS "sushi-example"."sqlmesh__raw" (base.py:2260)
2025-08-08 20:18:29,232 - MainThread - sqlmesh.core.snapshot.evaluator - INFO - Creating schema '"sushi-example".sqlmesh__sushimoderate' (evaluator.py:1176)
2025-08-08 20:18:29,232 - MainThread - sqlmesh.core.engine_adapter.base - INFO - Executing SQL: /* SQLMESH_PLAN: dbf888dc66f8425b9725d20d03b4fd4e */ CREATE SCHEMA IF NOT EXISTS "sushi-example"."sqlmesh__sushimoderate" (base.py:2260)
2025-08-08 20:18:29,232 - MainThread - sqlmesh.core.snapshot.evaluator - INFO - Creating table '"sushi-example".sqlmesh__sushimoderate.sushimoderate__customer_segments__1796916946' (evaluator.py:1538)
2025-08-08 20:18:29,233 - MainThread - sqlmesh.core.engine_adapter.base - INFO - Executing SQL: /* SQLMESH_PLAN: dbf888dc66f8425b9725d20d03b4fd4e */ SELECT CURRENT_CATALOG() (base.py:2260)
2025-08-08 20:18:29,233 - MainThread - sqlmesh.core.engine_adapter.base - INFO - Executing SQL: /* SQLMESH_PLAN: dbf888dc66f8425b9725d20d03b4fd4e */ SELECT type FROM DUCKDB_DATABASES() WHERE database_name = 'sushi-example' (base.py:2260)
2025-08-08 20:18:29,233 - MainThread - sqlmesh.core.engine_adapter.base - INFO - Executing SQL: /* SQLMESH_PLAN: dbf888dc66f8425b9725d20d03b4fd4e */ CREATE TABLE IF NOT EXISTS "sushi-example"."sqlmesh__sushimoderate"."sushimoderate__customer_segments__1796916946" ("customer_id" INT, "lifetime_value" DOUBLE, "historical_revenue" DOUBLE, "active_months" BIGINT, "value_rate" DOUBLE, "cluster" INT, "segment" TEXT, "silhouette" DOUBLE) (base.py:2260)
2025-08-08 20:18:29,239 - MainThread - sqlmesh.core.plan.evaluator - INFO - Evaluating plan stage BackfillStage (evaluator.py:125)
2025-08-08 20:18:29,241 - MainThread - sqlmesh.core.snapshot.evaluator - INFO - Evaluating snapshot SnapshotId<"sushi-example"."sushimoderate"."customer_segments": 1674842376> (evaluator.py:648)
2025-08-08 20:18:29,243 - MainThread - sqlmesh.core.engine_adapter.base - INFO - Executing SQL: /* SQLMESH_PLAN: dbf888dc66f8425b9725d20d03b4fd4e */ 
        SELECT
            customer_id,
            lifetime_value,
            historical_revenue,
            active_months
        FROM "sushi-example"."sqlmesh__sushimoderate"."sushimoderate__customer_lifetime_value__3451320949"
     (base.py:2260)
2025-08-08 20:18:29,265 - MainThread - sqlmesh.core.snapshot.evaluator - INFO - Inserting batch (2023-10-01 00:00:00, 2025-08-09 00:00:00) into "sushi-example".sqlmesh__sushimoderate.sushimoderate__customer_segments__1796916946' (evaluator.py:703)
2025-08-08 20:18:29,271 - MainThread - sqlmesh.core.engine_adapter.base - INFO - Executing SQL: /* SQLMESH_PLAN: dbf888dc66f8425b9725d20d03b4fd4e */ SELECT CURRENT_CATALOG() (base.py:2260)
2025-08-08 20:18:29,271 - MainThread - sqlmesh.core.engine_adapter.base - INFO - Executing SQL: /* SQLMESH_PLAN: dbf888dc66f8425b9725d20d03b4fd4e */ SELECT type FROM DUCKDB_DATABASES() WHERE database_name = 'sushi-example' (base.py:2260)
2025-08-08 20:18:29,272 - MainThread - sqlmesh.core.engine_adapter.base - INFO - Executing SQL: /* SQLMESH_PLAN: dbf888dc66f8425b9725d20d03b4fd4e */ CREATE OR REPLACE TABLE "sushi-example"."sqlmesh__sushimoderate"."sushimoderate__customer_segments__1796916946" AS SELECT CAST("customer_id" AS INT) AS "customer_id", CAST("lifetime_value" AS DOUBLE) AS "lifetime_value", CAST("historical_revenue" AS DOUBLE) AS "historical_revenue", CAST("active_months" AS BIGINT) AS "active_months", CAST("value_rate" AS DOUBLE) AS "value_rate", CAST("cluster" AS INT) AS "cluster", CAST("segment" AS TEXT) AS "segment", CAST("silhouette" AS DOUBLE) AS "silhouette" FROM (SELECT "customer_id", "lifetime_value", "historical_revenue", "active_months", "value_rate", "cluster", "segment", "silhouette" FROM "sushi-example"."sqlmesh__sushimoderate"."__temp_sushimoderate__customer_segments__1796916946_6r4itd42") AS "_subquery" (base.py:2260)
2025-08-08 20:18:29,275 - MainThread - sqlmesh.core.engine_adapter.base - INFO - Executing SQL: /* SQLMESH_PLAN: dbf888dc66f8425b9725d20d03b4fd4e */ DROP TABLE IF EXISTS "sushi-example"."sqlmesh__sushimoderate"."__temp_sushimoderate__customer_segments__1796916946_6r4itd42" (base.py:2260)
2025-08-08 20:18:29,278 - MainThread - sqlmesh.core.state_sync.db.facade - INFO - Adding interval (2023-10-01 00:00:00, 2025-08-09 00:00:00) for snapshot SnapshotId<"sushi-example"."sushimoderate"."customer_segments": 1674842376> (facade.py:619)
2025-08-08 20:18:29,279 - MainThread - sqlmesh.core.state_sync.db.interval - INFO - Pushing intervals for snapshot SnapshotId<"sushi-example"."sushimoderate"."customer_segments": 1674842376> (interval.py:213)
2025-08-08 20:18:29,294 - MainThread - sqlmesh.core.plan.evaluator - INFO - Evaluating plan stage EnvironmentRecordUpdateStage (evaluator.py:125)
2025-08-08 20:18:29,294 - MainThread - sqlmesh.core.state_sync.db.facade - INFO - Promoting environment 'dev' (facade.py:167)
2025-08-08 20:18:29,316 - MainThread - sqlmesh.core.plan.evaluator - INFO - Evaluating plan stage VirtualLayerUpdateStage (evaluator.py:125)
2025-08-08 20:18:29,320 - MainThread - sqlmesh.core.snapshot.evaluator - INFO - Creating schema '"sushi-example".sushimoderate__dev' (evaluator.py:1176)
2025-08-08 20:18:29,320 - MainThread - sqlmesh.core.engine_adapter.base - INFO - Executing SQL: /* SQLMESH_PLAN: dbf888dc66f8425b9725d20d03b4fd4e */ CREATE SCHEMA IF NOT EXISTS "sushi-example"."sushimoderate__dev" (base.py:2260)
2025-08-08 20:18:29,320 - MainThread - sqlmesh.core.snapshot.evaluator - INFO - Creating schema '"sushi-example".raw__dev' (evaluator.py:1176)
2025-08-08 20:18:29,320 - MainThread - sqlmesh.core.engine_adapter.base - INFO - Executing SQL: /* SQLMESH_PLAN: dbf888dc66f8425b9725d20d03b4fd4e */ CREATE SCHEMA IF NOT EXISTS "sushi-example"."raw__dev" (base.py:2260)
2025-08-08 20:18:29,321 - MainThread - sqlmesh.core.snapshot.evaluator - INFO - Updating view '"sushi-example".raw__dev.demographics' to point at table '"sushi-example".sqlmesh__raw.raw__demographics__3399964752' (evaluator.py:1493)
2025-08-08 20:18:29,321 - MainThread - sqlmesh.core.engine_adapter.base - INFO - Executing SQL: /* SQLMESH_PLAN: dbf888dc66f8425b9725d20d03b4fd4e */ CREATE OR REPLACE VIEW "sushi-example"."raw__dev"."demographics" AS SELECT * FROM "sushi-example"."sqlmesh__raw"."raw__demographics__3399964752" (base.py:2260)
2025-08-08 20:18:29,325 - MainThread - sqlmesh.core.snapshot.evaluator - INFO - Updating view '"sushi-example".raw__dev.items' to point at table '"sushi-example".sqlmesh__raw.raw__items__1587933360' (evaluator.py:1493)
2025-08-08 20:18:29,326 - MainThread - sqlmesh.core.engine_adapter.base - INFO - Executing SQL: /* SQLMESH_PLAN: dbf888dc66f8425b9725d20d03b4fd4e */ CREATE OR REPLACE VIEW "sushi-example"."raw__dev"."items" AS SELECT * FROM "sushi-example"."sqlmesh__raw"."raw__items__1587933360" (base.py:2260)
2025-08-08 20:18:29,330 - MainThread - sqlmesh.core.snapshot.evaluator - INFO - Updating view '"sushi-example".raw__dev.marketing' to point at table '"sushi-example".sqlmesh__raw.raw__marketing__2281409975' (evaluator.py:1493)
2025-08-08 20:18:29,330 - MainThread - sqlmesh.core.engine_adapter.base - INFO - Executing SQL: /* SQLMESH_PLAN: dbf888dc66f8425b9725d20d03b4fd4e */ CREATE OR REPLACE VIEW "sushi-example"."raw__dev"."marketing" AS SELECT * FROM "sushi-example"."sqlmesh__raw"."raw__marketing__2281409975" (base.py:2260)
2025-08-08 20:18:29,334 - MainThread - sqlmesh.core.snapshot.evaluator - INFO - Updating view '"sushi-example".raw__dev.order_items' to point at table '"sushi-example".sqlmesh__raw.raw__order_items__654969149' (evaluator.py:1493)
2025-08-08 20:18:29,335 - MainThread - sqlmesh.core.engine_adapter.base - INFO - Executing SQL: /* SQLMESH_PLAN: dbf888dc66f8425b9725d20d03b4fd4e */ CREATE OR REPLACE VIEW "sushi-example"."raw__dev"."order_items" AS SELECT * FROM "sushi-example"."sqlmesh__raw"."raw__order_items__654969149" (base.py:2260)
2025-08-08 20:18:29,338 - MainThread - sqlmesh.core.snapshot.evaluator - INFO - Updating view '"sushi-example".raw__dev.orders' to point at table '"sushi-example".sqlmesh__raw.raw__orders__1960537533' (evaluator.py:1493)
2025-08-08 20:18:29,339 - MainThread - sqlmesh.core.engine_adapter.base - INFO - Executing SQL: /* SQLMESH_PLAN: dbf888dc66f8425b9725d20d03b4fd4e */ CREATE OR REPLACE VIEW "sushi-example"."raw__dev"."orders" AS SELECT * FROM "sushi-example"."sqlmesh__raw"."raw__orders__1960537533" (base.py:2260)
2025-08-08 20:18:29,343 - MainThread - sqlmesh.core.snapshot.evaluator - INFO - Updating view '"sushi-example".sushimoderate__dev.waiter_names' to point at table '"sushi-example".sqlmesh__sushimoderate.sushimoderate__waiter_names__1494776325' (evaluator.py:1493)
2025-08-08 20:18:29,344 - MainThread - sqlmesh.core.engine_adapter.base - INFO - Executing SQL: /* SQLMESH_PLAN: dbf888dc66f8425b9725d20d03b4fd4e */ CREATE OR REPLACE VIEW "sushi-example"."sushimoderate__dev"."waiter_names" AS SELECT * FROM "sushi-example"."sqlmesh__sushimoderate"."sushimoderate__waiter_names__1494776325" (base.py:2260)
2025-08-08 20:18:29,347 - MainThread - sqlmesh.core.snapshot.evaluator - INFO - Updating view '"sushi-example".sushimoderate__dev.items' to point at table '"sushi-example".sqlmesh__sushimoderate.sushimoderate__items__4183556318' (evaluator.py:1493)
2025-08-08 20:18:29,347 - MainThread - sqlmesh.core.engine_adapter.base - INFO - Executing SQL: /* SQLMESH_PLAN: dbf888dc66f8425b9725d20d03b4fd4e */ CREATE OR REPLACE VIEW "sushi-example"."sushimoderate__dev"."items" AS SELECT * FROM "sushi-example"."sqlmesh__sushimoderate"."sushimoderate__items__4183556318" (base.py:2260)
2025-08-08 20:18:29,353 - MainThread - sqlmesh.core.snapshot.evaluator - INFO - Updating view '"sushi-example".sushimoderate__dev.order_items' to point at table '"sushi-example".sqlmesh__sushimoderate.sushimoderate__order_items__3229655664' (evaluator.py:1493)
2025-08-08 20:18:29,354 - MainThread - sqlmesh.core.engine_adapter.base - INFO - Executing SQL: /* SQLMESH_PLAN: dbf888dc66f8425b9725d20d03b4fd4e */ CREATE OR REPLACE VIEW "sushi-example"."sushimoderate__dev"."order_items" AS SELECT * FROM "sushi-example"."sqlmesh__sushimoderate"."sushimoderate__order_items__3229655664" (base.py:2260)
2025-08-08 20:18:29,359 - MainThread - sqlmesh.core.snapshot.evaluator - INFO - Updating view '"sushi-example".sushimoderate__dev.orders' to point at table '"sushi-example".sqlmesh__sushimoderate.sushimoderate__orders__2553744583' (evaluator.py:1493)
2025-08-08 20:18:29,360 - MainThread - sqlmesh.core.engine_adapter.base - INFO - Executing SQL: /* SQLMESH_PLAN: dbf888dc66f8425b9725d20d03b4fd4e */ CREATE OR REPLACE VIEW "sushi-example"."sushimoderate__dev"."orders" AS SELECT * FROM "sushi-example"."sqlmesh__sushimoderate"."sushimoderate__orders__2553744583" (base.py:2260)
2025-08-08 20:18:29,365 - MainThread - sqlmesh.core.snapshot.evaluator - INFO - Updating view '"sushi-example".sushimoderate__dev.customer_revenue_by_day' to point at table '"sushi-example".sqlmesh__sushimoderate.sushimoderate__customer_revenue_by_day__2161423016' (evaluator.py:1493)
2025-08-08 20:18:29,365 - MainThread - sqlmesh.core.engine_adapter.base - INFO - Executing SQL: /* SQLMESH_PLAN: dbf888dc66f8425b9725d20d03b4fd4e */ CREATE OR REPLACE VIEW "sushi-example"."sushimoderate__dev"."customer_revenue_by_day" AS SELECT * FROM "sushi-example"."sqlmesh__sushimoderate"."sushimoderate__customer_revenue_by_day__2161423016" (base.py:2260)
2025-08-08 20:18:29,370 - MainThread - sqlmesh.core.snapshot.evaluator - INFO - Updating view '"sushi-example".sushimoderate__dev.customer_revenue_lifetime' to point at table '"sushi-example".sqlmesh__sushimoderate.sushimoderate__customer_revenue_lifetime__2371348360' (evaluator.py:1493)
2025-08-08 20:18:29,370 - MainThread - sqlmesh.core.engine_adapter.base - INFO - Executing SQL: /* SQLMESH_PLAN: dbf888dc66f8425b9725d20d03b4fd4e */ CREATE OR REPLACE VIEW "sushi-example"."sushimoderate__dev"."customer_revenue_lifetime" AS SELECT * FROM "sushi-example"."sqlmesh__sushimoderate"."sushimoderate__customer_revenue_lifetime__2371348360" (base.py:2260)
2025-08-08 20:18:29,374 - MainThread - sqlmesh.core.snapshot.evaluator - INFO - Updating view '"sushi-example".sushimoderate__dev.customers' to point at table '"sushi-example".sqlmesh__sushimoderate.sushimoderate__customers__1460721243' (evaluator.py:1493)
2025-08-08 20:18:29,374 - MainThread - sqlmesh.core.engine_adapter.base - INFO - Executing SQL: /* SQLMESH_PLAN: dbf888dc66f8425b9725d20d03b4fd4e */ CREATE OR REPLACE VIEW "sushi-example"."sushimoderate__dev"."customers" AS SELECT * FROM "sushi-example"."sqlmesh__sushimoderate"."sushimoderate__customers__1460721243" (base.py:2260)
2025-08-08 20:18:29,378 - MainThread - sqlmesh.core.snapshot.evaluator - INFO - Updating view '"sushi-example".sushimoderate__dev.waiter_revenue_by_day' to point at table '"sushi-example".sqlmesh__sushimoderate.sushimoderate__waiter_revenue_by_day__2502736145' (evaluator.py:1493)
2025-08-08 20:18:29,378 - MainThread - sqlmesh.core.engine_adapter.base - INFO - Executing SQL: /* SQLMESH_PLAN: dbf888dc66f8425b9725d20d03b4fd4e */ CREATE OR REPLACE VIEW "sushi-example"."sushimoderate__dev"."waiter_revenue_by_day" AS SELECT * FROM "sushi-example"."sqlmesh__sushimoderate"."sushimoderate__waiter_revenue_by_day__2502736145" (base.py:2260)
2025-08-08 20:18:29,382 - MainThread - sqlmesh.core.snapshot.evaluator - INFO - Updating view '"sushi-example".sushimoderate__dev.customer_lifetime_value' to point at table '"sushi-example".sqlmesh__sushimoderate.sushimoderate__customer_lifetime_value__3451320949' (evaluator.py:1493)
2025-08-08 20:18:29,383 - MainThread - sqlmesh.core.engine_adapter.base - INFO - Executing SQL: /* SQLMESH_PLAN: dbf888dc66f8425b9725d20d03b4fd4e */ CREATE OR REPLACE VIEW "sushi-example"."sushimoderate__dev"."customer_lifetime_value" AS SELECT * FROM "sushi-example"."sqlmesh__sushimoderate"."sushimoderate__customer_lifetime_value__3451320949" (base.py:2260)
2025-08-08 20:18:29,387 - MainThread - sqlmesh.core.snapshot.evaluator - INFO - Updating view '"sushi-example".sushimoderate__dev.top_waiters' to point at table '"sushi-example".sqlmesh__sushimoderate.sushimoderate__top_waiters__4200137544' (evaluator.py:1493)
2025-08-08 20:18:29,387 - MainThread - sqlmesh.core.engine_adapter.base - INFO - Executing SQL: /* SQLMESH_PLAN: dbf888dc66f8425b9725d20d03b4fd4e */ CREATE OR REPLACE VIEW "sushi-example"."sushimoderate__dev"."top_waiters" AS SELECT * FROM "sushi-example"."sqlmesh__sushimoderate"."sushimoderate__top_waiters__4200137544" (base.py:2260)
2025-08-08 20:18:29,392 - MainThread - sqlmesh.core.snapshot.evaluator - INFO - Updating view '"sushi-example".sushimoderate__dev.customer_segments' to point at table '"sushi-example".sqlmesh__sushimoderate.sushimoderate__customer_segments__1796916946' (evaluator.py:1493)
2025-08-08 20:18:29,392 - MainThread - sqlmesh.core.engine_adapter.base - INFO - Executing SQL: /* SQLMESH_PLAN: dbf888dc66f8425b9725d20d03b4fd4e */ CREATE OR REPLACE VIEW "sushi-example"."sushimoderate__dev"."customer_segments" AS SELECT * FROM "sushi-example"."sqlmesh__sushimoderate"."sushimoderate__customer_segments__1796916946" (base.py:2260)
2025-08-08 20:18:29,398 - MainThread - sqlmesh.core.plan.evaluator - INFO - Evaluating plan stage FinalizeEnvironmentStage (evaluator.py:125)
2025-08-08 20:18:29,398 - MainThread - sqlmesh.core.state_sync.db.environment - INFO - Finalizing environment 'dev' (environment.py:139)
2025-08-08 20:18:29,429 - MainThread - root - INFO - Shutting down the event dispatcher (dispatcher.py:159)
