2025-08-08 15:05:02,479 - MainThread - sqlmesh.core.config.connection - INFO - Creating new DuckDB adapter for data files: {'db/sushi-example.db'} (connection.py:481)
2025-08-08 15:05:03,045 - MainThread - sqlmesh.core.config.connection - INFO - Creating new DuckDB adapter for in-memory database (connection.py:483)
2025-08-08 15:05:03,046 - MainThread - sqlmesh.core.config.connection - INFO - Creating new DuckDB adapter for in-memory database (connection.py:483)
2025-08-08 15:05:03,131 - MainThread - sqlmesh.core.config.connection - INFO - Using existing DuckDB adapter due to overlapping data file: db/sushi-example.db (connection.py:471)
2025-08-08 15:05:09,699 - MainThread - sqlmesh.core.plan.evaluator - INFO - Evaluating plan stage CreateSnapshotRecordsStage (evaluator.py:125)
2025-08-08 15:05:09,722 - MainThread - sqlmesh.core.plan.evaluator - INFO - Evaluating plan stage PhysicalLayerUpdateStage (evaluator.py:125)
2025-08-08 15:05:09,726 - MainThread - sqlmesh.core.snapshot.evaluator - INFO - Listing data objects in schema "sushi-example".sqlmesh__sushimoderate (evaluator.py:361)
2025-08-08 15:05:09,726 - MainThread - sqlmesh.core.engine_adapter.base - INFO - Executing SQL: /* SQLMESH_PLAN: d215b383ef7343c18a46f0bc8203468b */ SELECT CURRENT_CATALOG() (base.py:2260)
2025-08-08 15:05:09,727 - MainThread - sqlmesh.core.engine_adapter.base - INFO - Executing SQL: /* SQLMESH_PLAN: d215b383ef7343c18a46f0bc8203468b */ SELECT CURRENT_CATALOG() (base.py:2260)
2025-08-08 15:05:09,728 - MainThread - sqlmesh.core.engine_adapter.base - INFO - Executing SQL: /* SQLMESH_PLAN: d215b383ef7343c18a46f0bc8203468b */ SELECT table_name AS name, table_schema AS schema, CASE table_type WHEN 'BASE TABLE' THEN 'table' WHEN 'VIEW' THEN 'view' WHEN 'LOCAL TEMPORARY' THEN 'table' END AS type FROM system.information_schema.tables WHERE (table_catalog = 'sushi-example' AND table_schema = 'sqlmesh__sushimoderate') AND table_name IN ('sushimoderate__waiter_names__1494776325', 'sushimoderate__customer_revenue_by_day__1770424383', 'sushimoderate__order_items__4050422953', 'sushimoderate__customer_revenue_lifetime__1390750626', 'sushimoderate__items__1305987177', 'sushimoderate__top_waiters__3569809579', 'sushimoderate__customers__1405437590', 'sushimoderate__orders__2914195010', 'sushimoderate__waiter_revenue_by_day__3677256476', 'sushimoderate__customer_segments__3722212309', 'sushimoderate__customer_lifetime_value__1687617668') (base.py:2260)
2025-08-08 15:05:09,749 - MainThread - sqlmesh.core.snapshot.evaluator - INFO - Creating schema '"sushi-example".sqlmesh__sushimoderate' (evaluator.py:1176)
2025-08-08 15:05:09,749 - MainThread - sqlmesh.core.engine_adapter.base - INFO - Executing SQL: /* SQLMESH_PLAN: d215b383ef7343c18a46f0bc8203468b */ CREATE SCHEMA IF NOT EXISTS "sushi-example"."sqlmesh__sushimoderate" (base.py:2260)
2025-08-08 15:05:09,750 - MainThread - sqlmesh.core.snapshot.evaluator - INFO - Creating table '"sushi-example".sqlmesh__sushimoderate.sushimoderate__customer_segments__3722212309' (evaluator.py:1538)
2025-08-08 15:05:09,750 - MainThread - sqlmesh.core.engine_adapter.base - INFO - Executing SQL: /* SQLMESH_PLAN: d215b383ef7343c18a46f0bc8203468b */ SELECT CURRENT_CATALOG() (base.py:2260)
2025-08-08 15:05:09,752 - MainThread - sqlmesh.core.engine_adapter.base - INFO - Executing SQL: /* SQLMESH_PLAN: d215b383ef7343c18a46f0bc8203468b */ SELECT type FROM DUCKDB_DATABASES() WHERE database_name = 'sushi-example' (base.py:2260)
2025-08-08 15:05:09,754 - MainThread - sqlmesh.core.engine_adapter.base - INFO - Executing SQL: /* SQLMESH_PLAN: d215b383ef7343c18a46f0bc8203468b */ CREATE TABLE IF NOT EXISTS "sushi-example"."sqlmesh__sushimoderate"."sushimoderate__customer_segments__3722212309" ("customer_id" INT, "lifetime_value" DOUBLE, "historical_revenue" DOUBLE, "active_months" BIGINT, "value_rate" DOUBLE, "cluster" INT, "segment" TEXT, "silhouette" DOUBLE) (base.py:2260)
2025-08-08 15:05:09,760 - MainThread - sqlmesh.core.plan.evaluator - INFO - Evaluating plan stage BackfillStage (evaluator.py:125)
2025-08-08 15:05:09,764 - MainThread - sqlmesh.core.snapshot.evaluator - INFO - Evaluating snapshot SnapshotId<"sushi-example"."sushimoderate"."customer_segments": 2816715227> (evaluator.py:648)
2025-08-08 15:05:09,766 - MainThread - sqlmesh.core.engine_adapter.base - INFO - Executing SQL: /* SQLMESH_PLAN: d215b383ef7343c18a46f0bc8203468b */ 
        SELECT
            customer_id,
            lifetime_value,
            historical_revenue,
            active_months
        FROM sushimoderate.customer_lifetime_value
     (base.py:2260)
2025-08-08 15:05:09,811 - MainThread - sqlmesh.core.snapshot.evaluator - INFO - Inserting batch (2025-08-07 00:00:00, 2025-08-08 00:00:00) into "sushi-example".sqlmesh__sushimoderate.sushimoderate__customer_segments__3722212309' (evaluator.py:703)
2025-08-08 15:05:09,818 - MainThread - sqlmesh.core.engine_adapter.base - INFO - Executing SQL: /* SQLMESH_PLAN: d215b383ef7343c18a46f0bc8203468b */ SELECT CURRENT_CATALOG() (base.py:2260)
2025-08-08 15:05:09,819 - MainThread - sqlmesh.core.engine_adapter.base - INFO - Executing SQL: /* SQLMESH_PLAN: d215b383ef7343c18a46f0bc8203468b */ SELECT type FROM DUCKDB_DATABASES() WHERE database_name = 'sushi-example' (base.py:2260)
2025-08-08 15:05:09,821 - MainThread - sqlmesh.core.engine_adapter.base - INFO - Executing SQL: /* SQLMESH_PLAN: d215b383ef7343c18a46f0bc8203468b */ CREATE OR REPLACE TABLE "sushi-example"."sqlmesh__sushimoderate"."sushimoderate__customer_segments__3722212309" AS SELECT CAST("customer_id" AS INT) AS "customer_id", CAST("lifetime_value" AS DOUBLE) AS "lifetime_value", CAST("historical_revenue" AS DOUBLE) AS "historical_revenue", CAST("active_months" AS BIGINT) AS "active_months", CAST("value_rate" AS DOUBLE) AS "value_rate", CAST("cluster" AS INT) AS "cluster", CAST("segment" AS TEXT) AS "segment", CAST("silhouette" AS DOUBLE) AS "silhouette" FROM (SELECT "customer_id", "lifetime_value", "historical_revenue", "active_months", "value_rate", "cluster", "segment", "silhouette" FROM "sushi-example"."sqlmesh__sushimoderate"."__temp_sushimoderate__customer_segments__3722212309_j2v7vpll") AS "_subquery" (base.py:2260)
2025-08-08 15:05:09,825 - MainThread - sqlmesh.core.engine_adapter.base - INFO - Executing SQL: /* SQLMESH_PLAN: d215b383ef7343c18a46f0bc8203468b */ DROP TABLE IF EXISTS "sushi-example"."sqlmesh__sushimoderate"."__temp_sushimoderate__customer_segments__3722212309_j2v7vpll" (base.py:2260)
2025-08-08 15:05:09,827 - MainThread - sqlmesh.core.state_sync.db.facade - INFO - Adding interval (2025-08-07 00:00:00, 2025-08-08 00:00:00) for snapshot SnapshotId<"sushi-example"."sushimoderate"."customer_segments": 2816715227> (facade.py:619)
2025-08-08 15:05:09,827 - MainThread - sqlmesh.core.state_sync.db.interval - INFO - Pushing intervals for snapshot SnapshotId<"sushi-example"."sushimoderate"."customer_segments": 2816715227> (interval.py:213)
2025-08-08 15:05:09,847 - MainThread - sqlmesh.core.plan.evaluator - INFO - Evaluating plan stage EnvironmentRecordUpdateStage (evaluator.py:125)
2025-08-08 15:05:09,847 - MainThread - sqlmesh.core.state_sync.db.facade - INFO - Promoting environment 'dev' (facade.py:167)
2025-08-08 15:05:09,878 - MainThread - sqlmesh.core.plan.evaluator - INFO - Evaluating plan stage VirtualLayerUpdateStage (evaluator.py:125)
2025-08-08 15:05:09,881 - MainThread - sqlmesh.core.snapshot.evaluator - INFO - Creating schema '"sushi-example".sushimoderate__dev' (evaluator.py:1176)
2025-08-08 15:05:09,881 - MainThread - sqlmesh.core.engine_adapter.base - INFO - Executing SQL: /* SQLMESH_PLAN: d215b383ef7343c18a46f0bc8203468b */ CREATE SCHEMA IF NOT EXISTS "sushi-example"."sushimoderate__dev" (base.py:2260)
2025-08-08 15:05:09,883 - MainThread - sqlmesh.core.snapshot.evaluator - INFO - Updating view '"sushi-example".sushimoderate__dev.customer_segments' to point at table '"sushi-example".sqlmesh__sushimoderate.sushimoderate__customer_segments__3722212309' (evaluator.py:1493)
2025-08-08 15:05:09,884 - MainThread - sqlmesh.core.engine_adapter.base - INFO - Executing SQL: /* SQLMESH_PLAN: d215b383ef7343c18a46f0bc8203468b */ CREATE OR REPLACE VIEW "sushi-example"."sushimoderate__dev"."customer_segments" AS SELECT * FROM "sushi-example"."sqlmesh__sushimoderate"."sushimoderate__customer_segments__3722212309" (base.py:2260)
2025-08-08 15:05:09,888 - MainThread - sqlmesh.core.snapshot.evaluator - INFO - Updating view '"sushi-example".sushimoderate__dev.items' to point at table '"sushi-example".sqlmesh__sushimoderate.sushimoderate__items__1305987177' (evaluator.py:1493)
2025-08-08 15:05:09,888 - MainThread - sqlmesh.core.engine_adapter.base - INFO - Executing SQL: /* SQLMESH_PLAN: d215b383ef7343c18a46f0bc8203468b */ CREATE OR REPLACE VIEW "sushi-example"."sushimoderate__dev"."items" AS SELECT * FROM "sushi-example"."sqlmesh__sushimoderate"."sushimoderate__items__1305987177" (base.py:2260)
2025-08-08 15:05:09,892 - MainThread - sqlmesh.core.snapshot.evaluator - INFO - Updating view '"sushi-example".sushimoderate__dev.order_items' to point at table '"sushi-example".sqlmesh__sushimoderate.sushimoderate__order_items__4050422953' (evaluator.py:1493)
2025-08-08 15:05:09,892 - MainThread - sqlmesh.core.engine_adapter.base - INFO - Executing SQL: /* SQLMESH_PLAN: d215b383ef7343c18a46f0bc8203468b */ CREATE OR REPLACE VIEW "sushi-example"."sushimoderate__dev"."order_items" AS SELECT * FROM "sushi-example"."sqlmesh__sushimoderate"."sushimoderate__order_items__4050422953" (base.py:2260)
2025-08-08 15:05:09,899 - MainThread - sqlmesh.core.snapshot.evaluator - INFO - Updating view '"sushi-example".sushimoderate__dev.orders' to point at table '"sushi-example".sqlmesh__sushimoderate.sushimoderate__orders__2914195010' (evaluator.py:1493)
2025-08-08 15:05:09,900 - MainThread - sqlmesh.core.engine_adapter.base - INFO - Executing SQL: /* SQLMESH_PLAN: d215b383ef7343c18a46f0bc8203468b */ CREATE OR REPLACE VIEW "sushi-example"."sushimoderate__dev"."orders" AS SELECT * FROM "sushi-example"."sqlmesh__sushimoderate"."sushimoderate__orders__2914195010" (base.py:2260)
2025-08-08 15:05:09,903 - MainThread - sqlmesh.core.snapshot.evaluator - INFO - Updating view '"sushi-example".sushimoderate__dev.waiter_names' to point at table '"sushi-example".sqlmesh__sushimoderate.sushimoderate__waiter_names__1494776325' (evaluator.py:1493)
2025-08-08 15:05:09,903 - MainThread - sqlmesh.core.engine_adapter.base - INFO - Executing SQL: /* SQLMESH_PLAN: d215b383ef7343c18a46f0bc8203468b */ CREATE OR REPLACE VIEW "sushi-example"."sushimoderate__dev"."waiter_names" AS SELECT * FROM "sushi-example"."sqlmesh__sushimoderate"."sushimoderate__waiter_names__1494776325" (base.py:2260)
2025-08-08 15:05:09,907 - MainThread - sqlmesh.core.snapshot.evaluator - INFO - Updating view '"sushi-example".sushimoderate__dev.customer_revenue_by_day' to point at table '"sushi-example".sqlmesh__sushimoderate.sushimoderate__customer_revenue_by_day__1770424383' (evaluator.py:1493)
2025-08-08 15:05:09,908 - MainThread - sqlmesh.core.engine_adapter.base - INFO - Executing SQL: /* SQLMESH_PLAN: d215b383ef7343c18a46f0bc8203468b */ CREATE OR REPLACE VIEW "sushi-example"."sushimoderate__dev"."customer_revenue_by_day" AS SELECT * FROM "sushi-example"."sqlmesh__sushimoderate"."sushimoderate__customer_revenue_by_day__1770424383" (base.py:2260)
2025-08-08 15:05:09,911 - MainThread - sqlmesh.core.snapshot.evaluator - INFO - Updating view '"sushi-example".sushimoderate__dev.customer_revenue_lifetime' to point at table '"sushi-example".sqlmesh__sushimoderate.sushimoderate__customer_revenue_lifetime__1390750626' (evaluator.py:1493)
2025-08-08 15:05:09,912 - MainThread - sqlmesh.core.engine_adapter.base - INFO - Executing SQL: /* SQLMESH_PLAN: d215b383ef7343c18a46f0bc8203468b */ CREATE OR REPLACE VIEW "sushi-example"."sushimoderate__dev"."customer_revenue_lifetime" AS SELECT * FROM "sushi-example"."sqlmesh__sushimoderate"."sushimoderate__customer_revenue_lifetime__1390750626" (base.py:2260)
2025-08-08 15:05:09,915 - MainThread - sqlmesh.core.snapshot.evaluator - INFO - Updating view '"sushi-example".sushimoderate__dev.customers' to point at table '"sushi-example".sqlmesh__sushimoderate.sushimoderate__customers__1405437590' (evaluator.py:1493)
2025-08-08 15:05:09,916 - MainThread - sqlmesh.core.engine_adapter.base - INFO - Executing SQL: /* SQLMESH_PLAN: d215b383ef7343c18a46f0bc8203468b */ CREATE OR REPLACE VIEW "sushi-example"."sushimoderate__dev"."customers" AS SELECT * FROM "sushi-example"."sqlmesh__sushimoderate"."sushimoderate__customers__1405437590" (base.py:2260)
2025-08-08 15:05:09,919 - MainThread - sqlmesh.core.snapshot.evaluator - INFO - Updating view '"sushi-example".sushimoderate__dev.waiter_revenue_by_day' to point at table '"sushi-example".sqlmesh__sushimoderate.sushimoderate__waiter_revenue_by_day__3677256476' (evaluator.py:1493)
2025-08-08 15:05:09,921 - MainThread - sqlmesh.core.engine_adapter.base - INFO - Executing SQL: /* SQLMESH_PLAN: d215b383ef7343c18a46f0bc8203468b */ CREATE OR REPLACE VIEW "sushi-example"."sushimoderate__dev"."waiter_revenue_by_day" AS SELECT * FROM "sushi-example"."sqlmesh__sushimoderate"."sushimoderate__waiter_revenue_by_day__3677256476" (base.py:2260)
2025-08-08 15:05:09,925 - MainThread - sqlmesh.core.snapshot.evaluator - INFO - Updating view '"sushi-example".sushimoderate__dev.customer_lifetime_value' to point at table '"sushi-example".sqlmesh__sushimoderate.sushimoderate__customer_lifetime_value__1687617668' (evaluator.py:1493)
2025-08-08 15:05:09,925 - MainThread - sqlmesh.core.engine_adapter.base - INFO - Executing SQL: /* SQLMESH_PLAN: d215b383ef7343c18a46f0bc8203468b */ CREATE OR REPLACE VIEW "sushi-example"."sushimoderate__dev"."customer_lifetime_value" AS SELECT * FROM "sushi-example"."sqlmesh__sushimoderate"."sushimoderate__customer_lifetime_value__1687617668" (base.py:2260)
2025-08-08 15:05:09,929 - MainThread - sqlmesh.core.snapshot.evaluator - INFO - Updating view '"sushi-example".sushimoderate__dev.top_waiters' to point at table '"sushi-example".sqlmesh__sushimoderate.sushimoderate__top_waiters__3569809579' (evaluator.py:1493)
2025-08-08 15:05:09,930 - MainThread - sqlmesh.core.engine_adapter.base - INFO - Executing SQL: /* SQLMESH_PLAN: d215b383ef7343c18a46f0bc8203468b */ CREATE OR REPLACE VIEW "sushi-example"."sushimoderate__dev"."top_waiters" AS SELECT * FROM "sushi-example"."sqlmesh__sushimoderate"."sushimoderate__top_waiters__3569809579" (base.py:2260)
2025-08-08 15:05:09,935 - MainThread - sqlmesh.core.plan.evaluator - INFO - Evaluating plan stage FinalizeEnvironmentStage (evaluator.py:125)
2025-08-08 15:05:09,935 - MainThread - sqlmesh.core.state_sync.db.environment - INFO - Finalizing environment 'dev' (environment.py:139)
2025-08-08 15:05:09,969 - MainThread - root - INFO - Shutting down the event dispatcher (dispatcher.py:159)
