2025-08-08 19:50:59,906 - MainThread - sqlmesh.core.config.connection - INFO - Creating new DuckDB adapter for data files: {'sushi-example.db'} (connection.py:481)
2025-08-08 19:51:00,436 - MainThread - sqlmesh.core.config.connection - INFO - Creating new DuckDB adapter for in-memory database (connection.py:483)
2025-08-08 19:51:00,436 - MainThread - sqlmesh.core.config.connection - INFO - Creating new DuckDB adapter for in-memory database (connection.py:483)
2025-08-08 19:51:00,521 - MainThread - sqlmesh.core.config.connection - INFO - Using existing DuckDB adapter due to overlapping data file: sushi-example.db (connection.py:471)
2025-08-08 19:51:02,017 - MainThread - sqlmesh.core.plan.evaluator - INFO - Evaluating plan stage PhysicalLayerUpdateStage (evaluator.py:125)
2025-08-08 19:51:02,021 - MainThread - sqlmesh.core.snapshot.evaluator - INFO - Listing data objects in schema "sushi-example".sqlmesh__sushimoderate (evaluator.py:361)
2025-08-08 19:51:02,021 - MainThread - sqlmesh.core.engine_adapter.base - INFO - Executing SQL: /* SQLMESH_PLAN: dbb77d4206b04980b81ef89961b8f6d1 */ SELECT CURRENT_CATALOG() (base.py:2260)
2025-08-08 19:51:02,021 - MainThread - sqlmesh.core.engine_adapter.base - INFO - Executing SQL: /* SQLMESH_PLAN: dbb77d4206b04980b81ef89961b8f6d1 */ SELECT CURRENT_CATALOG() (base.py:2260)
2025-08-08 19:51:02,022 - MainThread - sqlmesh.core.engine_adapter.base - INFO - Executing SQL: /* SQLMESH_PLAN: dbb77d4206b04980b81ef89961b8f6d1 */ SELECT table_name AS name, table_schema AS schema, CASE table_type WHEN 'BASE TABLE' THEN 'table' WHEN 'VIEW' THEN 'view' WHEN 'LOCAL TEMPORARY' THEN 'table' END AS type FROM system.information_schema.tables WHERE (table_catalog = 'sushi-example' AND table_schema = 'sqlmesh__sushimoderate') AND table_name IN ('sushimoderate__customer_revenue_by_day__2161423016', 'sushimoderate__order_items__3229655664', 'sushimoderate__customers__1460721243', 'sushimoderate__items__4183556318', 'sushimoderate__waiter_revenue_by_day__2502736145', 'sushimoderate__orders__2553744583', 'sushimoderate__waiter_names__1494776325', 'sushimoderate__customer_revenue_lifetime__2371348360', 'sushimoderate__customer_segments__3722212309', 'sushimoderate__customer_lifetime_value__3451320949', 'sushimoderate__top_waiters__4200137544') (base.py:2260)
2025-08-08 19:51:02,032 - MainThread - sqlmesh.core.snapshot.evaluator - INFO - Listing data objects in schema "sushi-example".sqlmesh__raw (evaluator.py:361)
2025-08-08 19:51:02,032 - MainThread - sqlmesh.core.engine_adapter.base - INFO - Executing SQL: /* SQLMESH_PLAN: dbb77d4206b04980b81ef89961b8f6d1 */ SELECT CURRENT_CATALOG() (base.py:2260)
2025-08-08 19:51:02,032 - MainThread - sqlmesh.core.engine_adapter.base - INFO - Executing SQL: /* SQLMESH_PLAN: dbb77d4206b04980b81ef89961b8f6d1 */ SELECT CURRENT_CATALOG() (base.py:2260)
2025-08-08 19:51:02,033 - MainThread - sqlmesh.core.engine_adapter.base - INFO - Executing SQL: /* SQLMESH_PLAN: dbb77d4206b04980b81ef89961b8f6d1 */ SELECT table_name AS name, table_schema AS schema, CASE table_type WHEN 'BASE TABLE' THEN 'table' WHEN 'VIEW' THEN 'view' WHEN 'LOCAL TEMPORARY' THEN 'table' END AS type FROM system.information_schema.tables WHERE (table_catalog = 'sushi-example' AND table_schema = 'sqlmesh__raw') AND table_name IN ('raw__orders__1960537533', 'raw__items__1587933360', 'raw__order_items__654969149', 'raw__marketing__2281409975', 'raw__demographics__3399964752') (base.py:2260)
2025-08-08 19:51:02,037 - MainThread - sqlmesh.core.plan.evaluator - INFO - Evaluating plan stage BackfillStage (evaluator.py:125)
2025-08-08 19:51:02,038 - MainThread - sqlmesh.core.plan.evaluator - INFO - Evaluating plan stage EnvironmentRecordUpdateStage (evaluator.py:125)
2025-08-08 19:51:02,038 - MainThread - sqlmesh.core.state_sync.db.facade - INFO - Promoting environment 'prod' (facade.py:167)
2025-08-08 19:51:02,061 - MainThread - sqlmesh.core.plan.evaluator - INFO - Evaluating plan stage UnpauseStage (evaluator.py:125)
2025-08-08 19:51:02,063 - MainThread - sqlmesh.core.state_sync.db.snapshot - INFO - Unpausing snapshot SnapshotId<"sushi-example"."sushimoderate"."customer_segments": 2816715227> (snapshot.py:143)
2025-08-08 19:51:02,066 - MainThread - sqlmesh.core.plan.evaluator - INFO - Evaluating plan stage VirtualLayerUpdateStage (evaluator.py:125)
2025-08-08 19:51:02,068 - MainThread - sqlmesh.core.snapshot.evaluator - INFO - Creating schema '"sushi-example".sushimoderate' (evaluator.py:1176)
2025-08-08 19:51:02,069 - MainThread - sqlmesh.core.engine_adapter.base - INFO - Executing SQL: /* SQLMESH_PLAN: dbb77d4206b04980b81ef89961b8f6d1 */ CREATE SCHEMA IF NOT EXISTS "sushi-example"."sushimoderate" (base.py:2260)
2025-08-08 19:51:02,069 - MainThread - sqlmesh.core.snapshot.evaluator - INFO - Updating view '"sushi-example".sushimoderate.customer_segments' to point at table '"sushi-example".sqlmesh__sushimoderate.sushimoderate__customer_segments__3722212309' (evaluator.py:1493)
2025-08-08 19:51:02,069 - MainThread - sqlmesh.core.engine_adapter.base - INFO - Executing SQL: /* SQLMESH_PLAN: dbb77d4206b04980b81ef89961b8f6d1 */ CREATE OR REPLACE VIEW "sushi-example"."sushimoderate"."customer_segments" AS SELECT * FROM "sushi-example"."sqlmesh__sushimoderate"."sushimoderate__customer_segments__3722212309" (base.py:2260)
2025-08-08 19:51:02,074 - MainThread - sqlmesh.core.plan.evaluator - INFO - Evaluating plan stage FinalizeEnvironmentStage (evaluator.py:125)
2025-08-08 19:51:02,074 - MainThread - sqlmesh.core.state_sync.db.environment - INFO - Finalizing environment 'prod' (environment.py:139)
2025-08-08 19:51:02,096 - MainThread - root - INFO - Shutting down the event dispatcher (dispatcher.py:159)
