2025-08-08 19:51:14,242 - MainThread - sqlmesh.core.config.connection - INFO - Creating new DuckDB adapter for data files: {'sushi-example.db'} (connection.py:481)
2025-08-08 19:51:14,349 - MainThread - sqlmesh.core.config.connection - INFO - Using existing DuckDB adapter due to overlapping data file: sushi-example.db (connection.py:471)
2025-08-08 19:51:14,360 - MainThread - sqlmesh.core.state_sync.db.interval - INFO - Compacting 693 intervals for 16 snapshots (interval.py:128)
2025-08-08 19:51:14,360 - MainThread - sqlmesh.core.state_sync.db.interval - INFO - Pushing intervals for snapshot SnapshotId<"sushi-example"."raw"."demographics": 292817807> (interval.py:213)
2025-08-08 19:51:14,360 - MainThread - sqlmesh.core.state_sync.db.interval - INFO - Pushing intervals for snapshot SnapshotId<"sushi-example"."raw"."items": 4099807363> (interval.py:213)
2025-08-08 19:51:14,360 - MainThread - sqlmesh.core.state_sync.db.interval - INFO - Pushing intervals for snapshot SnapshotId<"sushi-example"."raw"."marketing": 76687353> (interval.py:213)
2025-08-08 19:51:14,360 - MainThread - sqlmesh.core.state_sync.db.interval - INFO - Pushing intervals for snapshot SnapshotId<"sushi-example"."raw"."order_items": 2786783310> (interval.py:213)
2025-08-08 19:51:14,360 - MainThread - sqlmesh.core.state_sync.db.interval - INFO - Pushing intervals for snapshot SnapshotId<"sushi-example"."raw"."orders": 992661192> (interval.py:213)
2025-08-08 19:51:14,361 - MainThread - sqlmesh.core.state_sync.db.interval - INFO - Pushing intervals for snapshot SnapshotId<"sushi-example"."sushimoderate"."customer_lifetime_value": 2201424450> (interval.py:213)
2025-08-08 19:51:14,361 - MainThread - sqlmesh.core.state_sync.db.interval - INFO - Pushing intervals for snapshot SnapshotId<"sushi-example"."sushimoderate"."customer_revenue_by_day": 1206094937> (interval.py:213)
2025-08-08 19:51:14,361 - MainThread - sqlmesh.core.state_sync.db.interval - INFO - Pushing intervals for snapshot SnapshotId<"sushi-example"."sushimoderate"."customer_revenue_lifetime": 846247608> (interval.py:213)
2025-08-08 19:51:14,361 - MainThread - sqlmesh.core.state_sync.db.interval - INFO - Pushing intervals for snapshot SnapshotId<"sushi-example"."sushimoderate"."customer_segments": 2816715227> (interval.py:213)
2025-08-08 19:51:14,361 - MainThread - sqlmesh.core.state_sync.db.interval - INFO - Pushing intervals for snapshot SnapshotId<"sushi-example"."sushimoderate"."customers": 1577372822> (interval.py:213)
2025-08-08 19:51:14,361 - MainThread - sqlmesh.core.state_sync.db.interval - INFO - Pushing intervals for snapshot SnapshotId<"sushi-example"."sushimoderate"."items": 226083708> (interval.py:213)
2025-08-08 19:51:14,361 - MainThread - sqlmesh.core.state_sync.db.interval - INFO - Pushing intervals for snapshot SnapshotId<"sushi-example"."sushimoderate"."order_items": 2462776276> (interval.py:213)
2025-08-08 19:51:14,361 - MainThread - sqlmesh.core.state_sync.db.interval - INFO - Pushing intervals for snapshot SnapshotId<"sushi-example"."sushimoderate"."orders": 1427178259> (interval.py:213)
2025-08-08 19:51:14,361 - MainThread - sqlmesh.core.state_sync.db.interval - INFO - Pushing intervals for snapshot SnapshotId<"sushi-example"."sushimoderate"."top_waiters": 4156350067> (interval.py:213)
2025-08-08 19:51:14,361 - MainThread - sqlmesh.core.state_sync.db.interval - INFO - Pushing intervals for snapshot SnapshotId<"sushi-example"."sushimoderate"."waiter_names": 2534315953> (interval.py:213)
2025-08-08 19:51:14,361 - MainThread - sqlmesh.core.state_sync.db.interval - INFO - Pushing intervals for snapshot SnapshotId<"sushi-example"."sushimoderate"."waiter_revenue_by_day": 1729487303> (interval.py:213)
2025-08-08 19:51:14,382 - MainThread - sqlmesh.core.state_sync.db.interval - INFO - Compacting 0 intervals for 0 snapshots (interval.py:128)
2025-08-08 19:51:14,447 - MainThread - root - INFO - Shutting down the event dispatcher (dispatcher.py:159)
