2025-08-08 15:05:14,906 - MainThread - sqlmesh.core.config.connection - INFO - Creating new DuckDB adapter for data files: {'db/sushi-example.db'} (connection.py:481)
2025-08-08 15:05:15,434 - MainThread - sqlmesh.core.config.connection - INFO - Creating new DuckDB adapter for in-memory database (connection.py:483)
2025-08-08 15:05:15,435 - MainThread - sqlmesh.core.config.connection - INFO - Creating new DuckDB adapter for in-memory database (connection.py:483)
2025-08-08 15:05:15,515 - MainThread - sqlmesh.core.config.connection - INFO - Using existing DuckDB adapter due to overlapping data file: db/sushi-example.db (connection.py:471)
2025-08-08 15:05:20,507 - MainThread - sqlmesh.core.plan.evaluator - INFO - Evaluating plan stage PhysicalLayerUpdateStage (evaluator.py:125)
2025-08-08 15:05:20,509 - MainThread - sqlmesh.core.snapshot.evaluator - INFO - Listing data objects in schema "sushi-example".sqlmesh__sushimoderate (evaluator.py:361)
2025-08-08 15:05:20,510 - MainThread - sqlmesh.core.engine_adapter.base - INFO - Executing SQL: /* SQLMESH_PLAN: 36b3e00c5cd74386b97eef5bf6f8c291 */ SELECT CURRENT_CATALOG() (base.py:2260)
2025-08-08 15:05:20,510 - MainThread - sqlmesh.core.engine_adapter.base - INFO - Executing SQL: /* SQLMESH_PLAN: 36b3e00c5cd74386b97eef5bf6f8c291 */ SELECT CURRENT_CATALOG() (base.py:2260)
2025-08-08 15:05:20,511 - MainThread - sqlmesh.core.engine_adapter.base - INFO - Executing SQL: /* SQLMESH_PLAN: 36b3e00c5cd74386b97eef5bf6f8c291 */ SELECT table_name AS name, table_schema AS schema, CASE table_type WHEN 'BASE TABLE' THEN 'table' WHEN 'VIEW' THEN 'view' WHEN 'LOCAL TEMPORARY' THEN 'table' END AS type FROM system.information_schema.tables WHERE (table_catalog = 'sushi-example' AND table_schema = 'sqlmesh__sushimoderate') AND table_name IN ('sushimoderate__customer_segments__3722212309', 'sushimoderate__customer_revenue_by_day__1770424383', 'sushimoderate__top_waiters__3569809579', 'sushimoderate__order_items__4050422953', 'sushimoderate__waiter_revenue_by_day__3677256476', 'sushimoderate__waiter_names__1494776325', 'sushimoderate__items__1305987177', 'sushimoderate__customer_lifetime_value__1687617668', 'sushimoderate__customer_revenue_lifetime__1390750626', 'sushimoderate__orders__2914195010', 'sushimoderate__customers__1405437590') (base.py:2260)
2025-08-08 15:05:20,521 - MainThread - sqlmesh.core.plan.evaluator - INFO - Evaluating plan stage BackfillStage (evaluator.py:125)
2025-08-08 15:05:20,522 - MainThread - sqlmesh.core.plan.evaluator - INFO - Evaluating plan stage EnvironmentRecordUpdateStage (evaluator.py:125)
2025-08-08 15:05:20,522 - MainThread - sqlmesh.core.state_sync.db.facade - INFO - Promoting environment 'prod' (facade.py:167)
2025-08-08 15:05:20,552 - MainThread - sqlmesh.core.plan.evaluator - INFO - Evaluating plan stage UnpauseStage (evaluator.py:125)
2025-08-08 15:05:20,553 - MainThread - sqlmesh.core.state_sync.db.snapshot - INFO - Unpausing snapshot SnapshotId<"sushi-example"."sushimoderate"."customer_segments": 2816715227> (snapshot.py:143)
2025-08-08 15:05:20,557 - MainThread - sqlmesh.core.plan.evaluator - INFO - Evaluating plan stage VirtualLayerUpdateStage (evaluator.py:125)
2025-08-08 15:05:20,560 - MainThread - sqlmesh.core.snapshot.evaluator - INFO - Creating schema '"sushi-example".sushimoderate' (evaluator.py:1176)
2025-08-08 15:05:20,560 - MainThread - sqlmesh.core.engine_adapter.base - INFO - Executing SQL: /* SQLMESH_PLAN: 36b3e00c5cd74386b97eef5bf6f8c291 */ CREATE SCHEMA IF NOT EXISTS "sushi-example"."sushimoderate" (base.py:2260)
2025-08-08 15:05:20,561 - MainThread - sqlmesh.core.snapshot.evaluator - INFO - Updating view '"sushi-example".sushimoderate.customer_segments' to point at table '"sushi-example".sqlmesh__sushimoderate.sushimoderate__customer_segments__3722212309' (evaluator.py:1493)
2025-08-08 15:05:20,561 - MainThread - sqlmesh.core.engine_adapter.base - INFO - Executing SQL: /* SQLMESH_PLAN: 36b3e00c5cd74386b97eef5bf6f8c291 */ CREATE OR REPLACE VIEW "sushi-example"."sushimoderate"."customer_segments" AS SELECT * FROM "sushi-example"."sqlmesh__sushimoderate"."sushimoderate__customer_segments__3722212309" (base.py:2260)
2025-08-08 15:05:20,566 - MainThread - sqlmesh.core.plan.evaluator - INFO - Evaluating plan stage FinalizeEnvironmentStage (evaluator.py:125)
2025-08-08 15:05:20,566 - MainThread - sqlmesh.core.state_sync.db.environment - INFO - Finalizing environment 'prod' (environment.py:139)
2025-08-08 15:05:20,595 - MainThread - root - INFO - Shutting down the event dispatcher (dispatcher.py:159)
